1 2
1.5
2
1
3
2
2
3 S
1
4
2.5
3
4 S
2
1 S
5
3
3
4 5
2
1 S
6
3.5
4
6 5
3
1 2
7
4
4
6 5
7 S S S
3
1 2
8
4.5
5
6 8
7 S S S
4
3 2
1 S S S
9
5
5
6 8
7 9 S S
4
3 2
1 S S S
10
5.5
6
7 8
10 9 S S
5
4 2
1 3 S S
11
6
6
7 8
10 9 11 S
5
4 2
1 3 S S
12
6.5
7
9 8
10 12 11 S
6
4 5
1 3 2 S
13
7
7
9 8
10 12 11 13
6
4 5
1 3 2 S
14
7.5
8
9 11
10 12 14 13
7
4 6
1 3 2 5
15
8
8
9 11
10 12 14 13
15 S S S S S S S
7
4 6
1 3 2 5
16
8.5
9
10 11
15 12 14 13
16 S S S S S S S
8
7 6
4 3 2 5
1 S S S S S S S
17
9
9
10 11
15 12 14 13
16 17 S S S S S S
8
7 6
4 3 2 5
1 S S S S S S S
18
9.5
10
12 11
15 18 14 13
16 17 S S S S S S
9
8 6
7 3 2 5
1 4 S S S S S S
19
10
10
12 11
15 18 14 13
16 17 19 S S S S S
9
8 6
7 3 2 5
1 4 S S S S S S
20
10.5
11
12 13
15 18 14 20
16 17 19 S S S S S
10
9 6
7 8 2 5
1 4 3 S S S S S
