1.5
2
1
2
2
3 S
1
3
4
3 S
2
1 S
4
4
3 5
2
1 S
3.5
3
6 5
4
1 2
3
3
6 5
7 S S S
4
1 2
4.5
5
6 8
7 S S S
4
3 2
1 S S S
5
5
6 8
7 9 S S
4
3 2
1 S S S
5.5
6
7 8
10 9 S S
5
4 2
1 3 S S
6
6
7 8
10 9 11 S
5
4 2
1 3 S S
6.5
7
9 8
10 12 11 S
6
4 5
1 3 2 S
7
7
9 8
10 12 11 13
6
4 5
1 3 2 S
7.5
8
9 11
10 12 14 13
7
4 6
1 3 2 5
8
8
9 11
10 12 14 13
15 S S S S S S S
7
4 6
1 3 2 5
8.5
9
10 11
16 12 14 13
15 S S S S S S S
8
7 6
4 3 2 5
1 S S S S S S S
9
9
10 11
16 12 14 13
15 17 S S S S S S
8
7 6
4 3 2 5
1 S S S S S S S
9.5
10
12 11
16 18 14 13
15 17 S S S S S S
9
8 6
7 3 2 5
1 4 S S S S S S
10
10
12 11
16 18 14 13
15 17 19 S S S S S
9
8 6
7 3 2 5
1 4 S S S S S S
10.5
11
12 13
16 18 14 20
15 17 19 S S S S S
10
9 6
7 8 2 5
1 4 3 S S S S S
